[2017-03-23 11:41:15 INFO ] [JavaFX Application Thread] (com.tswe.autotest.service.InitControlBoardService:25) - motion_set_pulse_outmode success

[2017-03-23 11:41:15 INFO ] [JavaFX Application Thread] (com.tswe.autotest.service.InitControlBoardService:573) - Axis初始化失败，设置脉冲模式失败！
[2017-03-23 11:41:15 INFO ] [JavaFX Application Thread] (com.tswe.autotest.service.InitControlBoardService:25) - motion_set_pulse_outmode success

[2017-03-23 11:41:15 INFO ] [JavaFX Application Thread] (com.tswe.autotest.service.InitControlBoardService:573) - Axis初始化失败，设置脉冲模式失败！
[2017-03-23 11:41:15 INFO ] [JavaFX Application Thread] (com.tswe.autotest.service.InitControlBoardService:25) - motion_set_pulse_outmode success

[2017-03-23 11:41:15 INFO ] [JavaFX Application Thread] (com.tswe.autotest.service.InitControlBoardService:573) - Axis初始化失败，设置脉冲模式失败！
[2017-03-23 11:41:15 INFO ] [JavaFX Application Thread] (com.tswe.autotest.service.InitControlBoardService:25) - motion_set_pulse_outmode success

[2017-03-23 11:41:15 INFO ] [JavaFX Application Thread] (com.tswe.autotest.service.InitControlBoardService:573) - Axis初始化失败，设置脉冲模式失败！
[2017-03-23 11:41:15 INFO ] [JavaFX Application Thread] (com.tswe.autotest.service.InitControlBoardService:25) - motion_set_pulse_outmode success

[2017-03-23 11:41:15 INFO ] [JavaFX Application Thread] (com.tswe.autotest.service.InitControlBoardService:573) - Axis初始化失败，设置脉冲模式失败！
[2017-03-23 11:41:15 INFO ] [JavaFX Application Thread] (com.tswe.autotest.service.InitControlBoardService:25) - motion_set_pulse_outmode success

[2017-03-23 11:41:15 INFO ] [JavaFX Application Thread] (com.tswe.autotest.service.InitControlBoardService:573) - Axis初始化失败，设置脉冲模式失败！
[2017-03-23 11:41:16 INFO ] [JavaFX Application Thread] (com.tswe.autotest.service.InitControlBoardService:25) - motion_set_pulse_outmode success

[2017-03-23 11:41:16 INFO ] [JavaFX Application Thread] (com.tswe.autotest.service.InitControlBoardService:573) - Axis初始化失败，设置脉冲模式失败！
[2017-03-23 11:41:16 INFO ] [JavaFX Application Thread] (com.tswe.autotest.service.InitControlBoardService:25) - motion_set_pulse_outmode success

[2017-03-23 11:41:16 INFO ] [JavaFX Application Thread] (com.tswe.autotest.service.InitControlBoardService:573) - Axis初始化失败，设置脉冲模式失败！
[2017-03-23 11:41:16 INFO ] [JavaFX Application Thread] (com.tswe.autotest.service.InitControlBoardService:33) - connectType：Serial Port, controlBoardNum:1,info:connectsuccess
[2017-03-23 11:41:16 INFO ] [JavaFX Application Thread] (com.tswe.autotest.service.InitControlBoardService:25) - motion_config_EL_MODE success

[2017-03-23 11:41:16 INFO ] [JavaFX Application Thread] (com.tswe.autotest.service.InitControlBoardService:25) - motion_config_EL_MODE success

[2017-03-23 11:41:16 INFO ] [JavaFX Application Thread] (com.tswe.autotest.service.InitControlBoardService:25) - motion_config_EL_MODE success

[2017-03-23 11:41:16 INFO ] [JavaFX Application Thread] (com.tswe.autotest.service.InitControlBoardService:25) - motion_config_EL_MODE success

[2017-03-23 11:41:18 INFO ] [JavaFX Application Thread] (com.tswe.autotest.service.InitControlBoardService:25) - motion_set_profile success

[2017-03-23 11:41:18 INFO ] [JavaFX Application Thread] (com.tswe.autotest.service.InitControlBoardService:25) - motion_set_profile success

[2017-03-23 11:41:18 INFO ] [JavaFX Application Thread] (com.tswe.autotest.service.InitControlBoardService:25) - motion_set_profile success

[2017-03-23 11:41:18 INFO ] [JavaFX Application Thread] (com.tswe.autotest.service.InitControlBoardService:25) - motion_set_profile success

[2017-03-23 11:41:18 INFO ] [JavaFX Application Thread] (com.tswe.autotest.service.InitControlBoardService:25) - motion_set_profile success

[2017-03-23 11:41:18 INFO ] [JavaFX Application Thread] (com.tswe.autotest.service.InitControlBoardService:25) - motion_set_profile success

[2017-03-23 11:41:18 INFO ] [JavaFX Application Thread] (com.tswe.autotest.service.InitControlBoardService:25) - motion_set_profile success

[2017-03-23 11:41:18 INFO ] [JavaFX Application Thread] (com.tswe.autotest.service.InitControlBoardService:25) - motion_set_profile success

[2017-03-23 18:00:06 INFO ] [JavaFX Application Thread] (com.tswe.autotest.service.InitControlBoardService:27) - motion_set_pulse_outmode success

[2017-03-23 18:00:06 INFO ] [JavaFX Application Thread] (com.tswe.autotest.service.InitControlBoardService:705) - Axis初始化失败，设置脉冲模式失败！
[2017-03-23 18:00:06 INFO ] [JavaFX Application Thread] (com.tswe.autotest.service.InitControlBoardService:27) - motion_set_pulse_outmode success

[2017-03-23 18:00:06 INFO ] [JavaFX Application Thread] (com.tswe.autotest.service.InitControlBoardService:705) - Axis初始化失败，设置脉冲模式失败！
[2017-03-23 18:00:06 INFO ] [JavaFX Application Thread] (com.tswe.autotest.service.InitControlBoardService:27) - motion_set_pulse_outmode success

[2017-03-23 18:00:06 INFO ] [JavaFX Application Thread] (com.tswe.autotest.service.InitControlBoardService:705) - Axis初始化失败，设置脉冲模式失败！
[2017-03-23 18:00:06 INFO ] [JavaFX Application Thread] (com.tswe.autotest.service.InitControlBoardService:27) - motion_set_pulse_outmode success

[2017-03-23 18:00:06 INFO ] [JavaFX Application Thread] (com.tswe.autotest.service.InitControlBoardService:705) - Axis初始化失败，设置脉冲模式失败！
[2017-03-23 18:00:06 INFO ] [JavaFX Application Thread] (com.tswe.autotest.service.InitControlBoardService:27) - motion_set_pulse_outmode success

[2017-03-23 18:00:06 INFO ] [JavaFX Application Thread] (com.tswe.autotest.service.InitControlBoardService:705) - Axis初始化失败，设置脉冲模式失败！
[2017-03-23 18:00:06 INFO ] [JavaFX Application Thread] (com.tswe.autotest.service.InitControlBoardService:27) - motion_set_pulse_outmode success

[2017-03-23 18:00:06 INFO ] [JavaFX Application Thread] (com.tswe.autotest.service.InitControlBoardService:705) - Axis初始化失败，设置脉冲模式失败！
[2017-03-23 18:00:06 INFO ] [JavaFX Application Thread] (com.tswe.autotest.service.InitControlBoardService:27) - motion_set_pulse_outmode success

[2017-03-23 18:00:06 INFO ] [JavaFX Application Thread] (com.tswe.autotest.service.InitControlBoardService:705) - Axis初始化失败，设置脉冲模式失败！
[2017-03-23 18:00:06 INFO ] [JavaFX Application Thread] (com.tswe.autotest.service.InitControlBoardService:27) - motion_set_pulse_outmode success

[2017-03-23 18:00:06 INFO ] [JavaFX Application Thread] (com.tswe.autotest.service.InitControlBoardService:705) - Axis初始化失败，设置脉冲模式失败！
[2017-03-23 18:00:06 INFO ] [JavaFX Application Thread] (com.tswe.autotest.service.InitControlBoardService:33) - connectType：Serial Port, controlBoardNum:1,info:connectsuccess
[2017-03-23 18:00:06 INFO ] [JavaFX Application Thread] (com.tswe.autotest.service.InitControlBoardService:27) - motion_config_EL_MODE success

[2017-03-23 18:00:06 INFO ] [JavaFX Application Thread] (com.tswe.autotest.service.InitControlBoardService:27) - motion_config_EL_MODE success

[2017-03-23 18:00:06 INFO ] [JavaFX Application Thread] (com.tswe.autotest.service.InitControlBoardService:27) - motion_config_EL_MODE success

[2017-03-23 18:00:06 INFO ] [JavaFX Application Thread] (com.tswe.autotest.service.InitControlBoardService:27) - motion_config_EL_MODE success

[2017-03-23 18:00:12 INFO ] [JavaFX Application Thread] (com.tswe.autotest.service.InitControlBoardService:27) - motion_set_profile success

[2017-03-23 18:00:12 INFO ] [JavaFX Application Thread] (com.tswe.autotest.service.InitControlBoardService:27) - motion_set_profile success

[2017-03-23 18:00:12 INFO ] [JavaFX Application Thread] (com.tswe.autotest.service.InitControlBoardService:27) - motion_set_HOME_pin_logic success

[2017-03-23 18:00:12 INFO ] [JavaFX Application Thread] (com.tswe.autotest.service.InitControlBoardService:27) - motion_config_home_mode success

[2017-03-23 18:00:12 INFO ] [JavaFX Application Thread] (com.tswe.autotest.service.InitControlBoardService:27) - motion_home_move success

[2017-03-23 18:00:12 INFO ] [JavaFX Application Thread] (com.tswe.autotest.service.InitControlBoardService:27) - motion_set_profile success

[2017-03-23 18:00:12 INFO ] [JavaFX Application Thread] (com.tswe.autotest.service.InitControlBoardService:27) - motion_set_profile success

[2017-03-23 18:00:12 INFO ] [JavaFX Application Thread] (com.tswe.autotest.service.InitControlBoardService:27) - motion_set_HOME_pin_logic success

[2017-03-23 18:00:12 INFO ] [JavaFX Application Thread] (com.tswe.autotest.service.InitControlBoardService:27) - motion_config_home_mode success

[2017-03-23 18:00:12 INFO ] [JavaFX Application Thread] (com.tswe.autotest.service.InitControlBoardService:27) - motion_home_move success

[2017-03-23 18:00:35 INFO ] [JavaFX Application Thread] (com.tswe.autotest.service.InitControlBoardService:27) - motion_t_vmove success

[2017-03-23 18:00:35 INFO ] [JavaFX Application Thread] (com.tswe.autotest.service.InitControlBoardService:27) - motion_set_profile success

[2017-03-23 18:00:35 INFO ] [JavaFX Application Thread] (com.tswe.autotest.service.InitControlBoardService:27) - motion_set_profile success

[2017-03-23 18:00:35 INFO ] [JavaFX Application Thread] (com.tswe.autotest.service.InitControlBoardService:27) - motion_set_HOME_pin_logic success

[2017-03-23 18:00:35 INFO ] [JavaFX Application Thread] (com.tswe.autotest.service.InitControlBoardService:27) - motion_config_home_mode success

[2017-03-23 18:00:35 INFO ] [JavaFX Application Thread] (com.tswe.autotest.service.InitControlBoardService:27) - motion_home_move success

[2017-03-23 18:00:43 INFO ] [JavaFX Application Thread] (com.tswe.autotest.service.InitControlBoardService:27) - motion_t_vmove success

[2017-03-23 18:00:43 INFO ] [JavaFX Application Thread] (com.tswe.autotest.service.InitControlBoardService:27) - motion_set_profile success

[2017-03-23 18:00:43 INFO ] [JavaFX Application Thread] (com.tswe.autotest.service.InitControlBoardService:27) - motion_set_profile success

[2017-03-23 18:00:44 INFO ] [JavaFX Application Thread] (com.tswe.autotest.service.InitControlBoardService:27) - motion_set_HOME_pin_logic success

[2017-03-23 18:00:44 INFO ] [JavaFX Application Thread] (com.tswe.autotest.service.InitControlBoardService:27) - motion_config_home_mode success

[2017-03-23 18:00:44 INFO ] [JavaFX Application Thread] (com.tswe.autotest.service.InitControlBoardService:27) - motion_home_move success

[2017-03-23 18:00:58 INFO ] [JavaFX Application Thread] (com.tswe.autotest.service.InitControlBoardService:27) - motion_t_vmove success

[2017-03-23 18:02:04 INFO ] [JavaFX Application Thread] (com.tswe.autotest.service.InitControlBoardService:27) - motion_set_profile success

[2017-03-23 18:02:04 INFO ] [JavaFX Application Thread] (com.tswe.autotest.service.InitControlBoardService:27) - motion_set_profile success

[2017-03-23 18:02:04 INFO ] [JavaFX Application Thread] (com.tswe.autotest.service.InitControlBoardService:27) - motion_set_HOME_pin_logic success

[2017-03-23 18:02:04 INFO ] [JavaFX Application Thread] (com.tswe.autotest.service.InitControlBoardService:27) - motion_config_home_mode success

[2017-03-23 18:02:04 INFO ] [JavaFX Application Thread] (com.tswe.autotest.service.InitControlBoardService:27) - motion_home_move success

[2017-03-23 18:02:04 INFO ] [JavaFX Application Thread] (com.tswe.autotest.service.InitControlBoardService:27) - motion_set_profile success

[2017-03-23 18:02:04 INFO ] [JavaFX Application Thread] (com.tswe.autotest.service.InitControlBoardService:27) - motion_set_profile success

[2017-03-23 18:02:04 INFO ] [JavaFX Application Thread] (com.tswe.autotest.service.InitControlBoardService:27) - motion_set_HOME_pin_logic success

[2017-03-23 18:02:04 INFO ] [JavaFX Application Thread] (com.tswe.autotest.service.InitControlBoardService:27) - motion_config_home_mode success

[2017-03-23 18:02:04 INFO ] [JavaFX Application Thread] (com.tswe.autotest.service.InitControlBoardService:27) - motion_home_move success

[2017-03-23 18:02:27 INFO ] [JavaFX Application Thread] (com.tswe.autotest.service.InitControlBoardService:27) - motion_t_vmove success

[2017-03-23 18:02:27 INFO ] [JavaFX Application Thread] (com.tswe.autotest.service.InitControlBoardService:27) - motion_set_profile success

[2017-03-23 18:02:27 INFO ] [JavaFX Application Thread] (com.tswe.autotest.service.InitControlBoardService:27) - motion_set_profile success

[2017-03-23 18:02:27 INFO ] [JavaFX Application Thread] (com.tswe.autotest.service.InitControlBoardService:27) - motion_set_HOME_pin_logic success

[2017-03-23 18:02:27 INFO ] [JavaFX Application Thread] (com.tswe.autotest.service.InitControlBoardService:27) - motion_config_home_mode success

[2017-03-23 18:02:27 INFO ] [JavaFX Application Thread] (com.tswe.autotest.service.InitControlBoardService:27) - motion_home_move success

[2017-03-23 18:02:36 INFO ] [JavaFX Application Thread] (com.tswe.autotest.service.InitControlBoardService:27) - motion_t_vmove success

[2017-03-23 18:02:36 INFO ] [JavaFX Application Thread] (com.tswe.autotest.service.InitControlBoardService:27) - motion_set_profile success

[2017-03-23 18:02:36 INFO ] [JavaFX Application Thread] (com.tswe.autotest.service.InitControlBoardService:27) - motion_set_profile success

[2017-03-23 18:02:36 INFO ] [JavaFX Application Thread] (com.tswe.autotest.service.InitControlBoardService:27) - motion_set_HOME_pin_logic success

[2017-03-23 18:02:36 INFO ] [JavaFX Application Thread] (com.tswe.autotest.service.InitControlBoardService:27) - motion_config_home_mode success

[2017-03-23 18:02:36 INFO ] [JavaFX Application Thread] (com.tswe.autotest.service.InitControlBoardService:27) - motion_home_move success

[2017-03-23 18:02:51 INFO ] [JavaFX Application Thread] (com.tswe.autotest.service.InitControlBoardService:27) - motion_t_vmove success

[2017-03-23 21:01:46 INFO ] [JavaFX Application Thread] (com.tswe.autotest.service.InitControlBoardService:27) - motion_set_pulse_outmode success

[2017-03-23 21:01:46 INFO ] [JavaFX Application Thread] (com.tswe.autotest.service.InitControlBoardService:702) - Axis初始化失败，设置脉冲模式失败！
[2017-03-23 21:01:46 INFO ] [JavaFX Application Thread] (com.tswe.autotest.service.InitControlBoardService:27) - motion_set_pulse_outmode success

[2017-03-23 21:01:46 INFO ] [JavaFX Application Thread] (com.tswe.autotest.service.InitControlBoardService:702) - Axis初始化失败，设置脉冲模式失败！
[2017-03-23 21:01:46 INFO ] [JavaFX Application Thread] (com.tswe.autotest.service.InitControlBoardService:27) - motion_set_pulse_outmode success

[2017-03-23 21:01:46 INFO ] [JavaFX Application Thread] (com.tswe.autotest.service.InitControlBoardService:702) - Axis初始化失败，设置脉冲模式失败！
[2017-03-23 21:01:46 INFO ] [JavaFX Application Thread] (com.tswe.autotest.service.InitControlBoardService:27) - motion_set_pulse_outmode success

[2017-03-23 21:01:46 INFO ] [JavaFX Application Thread] (com.tswe.autotest.service.InitControlBoardService:702) - Axis初始化失败，设置脉冲模式失败！
[2017-03-23 21:01:46 INFO ] [JavaFX Application Thread] (com.tswe.autotest.service.InitControlBoardService:27) - motion_set_pulse_outmode success

[2017-03-23 21:01:46 INFO ] [JavaFX Application Thread] (com.tswe.autotest.service.InitControlBoardService:702) - Axis初始化失败，设置脉冲模式失败！
[2017-03-23 21:01:46 INFO ] [JavaFX Application Thread] (com.tswe.autotest.service.InitControlBoardService:27) - motion_set_pulse_outmode success

[2017-03-23 21:01:46 INFO ] [JavaFX Application Thread] (com.tswe.autotest.service.InitControlBoardService:702) - Axis初始化失败，设置脉冲模式失败！
[2017-03-23 21:01:46 INFO ] [JavaFX Application Thread] (com.tswe.autotest.service.InitControlBoardService:27) - motion_set_pulse_outmode success

[2017-03-23 21:01:46 INFO ] [JavaFX Application Thread] (com.tswe.autotest.service.InitControlBoardService:702) - Axis初始化失败，设置脉冲模式失败！
[2017-03-23 21:01:46 INFO ] [JavaFX Application Thread] (com.tswe.autotest.service.InitControlBoardService:27) - motion_set_pulse_outmode success

[2017-03-23 21:01:46 INFO ] [JavaFX Application Thread] (com.tswe.autotest.service.InitControlBoardService:702) - Axis初始化失败，设置脉冲模式失败！
[2017-03-23 21:01:46 INFO ] [JavaFX Application Thread] (com.tswe.autotest.service.InitControlBoardService:33) - connectType：Serial Port, controlBoardNum:1,info:connectsuccess
[2017-03-23 21:01:46 INFO ] [JavaFX Application Thread] (com.tswe.autotest.service.InitControlBoardService:27) - motion_config_EL_MODE success

[2017-03-23 21:01:46 INFO ] [JavaFX Application Thread] (com.tswe.autotest.service.InitControlBoardService:27) - motion_config_EL_MODE success

[2017-03-23 21:01:46 INFO ] [JavaFX Application Thread] (com.tswe.autotest.service.InitControlBoardService:27) - motion_config_EL_MODE success

[2017-03-23 21:01:46 INFO ] [JavaFX Application Thread] (com.tswe.autotest.service.InitControlBoardService:27) - motion_config_EL_MODE success

[2017-03-23 21:05:26 INFO ] [JavaFX Application Thread] (com.tswe.autotest.service.InitControlBoardService:27) - motion_set_pulse_outmode success

[2017-03-23 21:05:26 INFO ] [JavaFX Application Thread] (com.tswe.autotest.service.InitControlBoardService:702) - Axis初始化失败，设置脉冲模式失败！
[2017-03-23 21:05:26 INFO ] [JavaFX Application Thread] (com.tswe.autotest.service.InitControlBoardService:27) - motion_set_pulse_outmode success

[2017-03-23 21:05:26 INFO ] [JavaFX Application Thread] (com.tswe.autotest.service.InitControlBoardService:702) - Axis初始化失败，设置脉冲模式失败！
[2017-03-23 21:05:26 INFO ] [JavaFX Application Thread] (com.tswe.autotest.service.InitControlBoardService:27) - motion_set_pulse_outmode success

[2017-03-23 21:05:26 INFO ] [JavaFX Application Thread] (com.tswe.autotest.service.InitControlBoardService:702) - Axis初始化失败，设置脉冲模式失败！
[2017-03-23 21:05:26 INFO ] [JavaFX Application Thread] (com.tswe.autotest.service.InitControlBoardService:27) - motion_set_pulse_outmode success

[2017-03-23 21:05:26 INFO ] [JavaFX Application Thread] (com.tswe.autotest.service.InitControlBoardService:702) - Axis初始化失败，设置脉冲模式失败！
[2017-03-23 21:05:26 INFO ] [JavaFX Application Thread] (com.tswe.autotest.service.InitControlBoardService:27) - motion_set_pulse_outmode success

[2017-03-23 21:05:26 INFO ] [JavaFX Application Thread] (com.tswe.autotest.service.InitControlBoardService:702) - Axis初始化失败，设置脉冲模式失败！
[2017-03-23 21:05:26 INFO ] [JavaFX Application Thread] (com.tswe.autotest.service.InitControlBoardService:27) - motion_set_pulse_outmode success

[2017-03-23 21:05:26 INFO ] [JavaFX Application Thread] (com.tswe.autotest.service.InitControlBoardService:702) - Axis初始化失败，设置脉冲模式失败！
[2017-03-23 21:05:26 INFO ] [JavaFX Application Thread] (com.tswe.autotest.service.InitControlBoardService:27) - motion_set_pulse_outmode success

[2017-03-23 21:05:26 INFO ] [JavaFX Application Thread] (com.tswe.autotest.service.InitControlBoardService:702) - Axis初始化失败，设置脉冲模式失败！
[2017-03-23 21:05:26 INFO ] [JavaFX Application Thread] (com.tswe.autotest.service.InitControlBoardService:27) - motion_set_pulse_outmode success

[2017-03-23 21:05:26 INFO ] [JavaFX Application Thread] (com.tswe.autotest.service.InitControlBoardService:702) - Axis初始化失败，设置脉冲模式失败！
[2017-03-23 21:05:26 INFO ] [JavaFX Application Thread] (com.tswe.autotest.service.InitControlBoardService:33) - connectType：Serial Port, controlBoardNum:1,info:connectsuccess
[2017-03-23 21:05:26 INFO ] [JavaFX Application Thread] (com.tswe.autotest.service.InitControlBoardService:27) - motion_config_EL_MODE success

[2017-03-23 21:05:26 INFO ] [JavaFX Application Thread] (com.tswe.autotest.service.InitControlBoardService:27) - motion_config_EL_MODE success

[2017-03-23 21:05:26 INFO ] [JavaFX Application Thread] (com.tswe.autotest.service.InitControlBoardService:27) - motion_config_EL_MODE success

[2017-03-23 21:05:26 INFO ] [JavaFX Application Thread] (com.tswe.autotest.service.InitControlBoardService:27) - motion_config_EL_MODE success

[2017-03-23 21:08:32 INFO ] [JavaFX Application Thread] (com.tswe.autotest.service.InitControlBoardService:27) - motion_set_pulse_outmode success

[2017-03-23 21:08:32 INFO ] [JavaFX Application Thread] (com.tswe.autotest.service.InitControlBoardService:702) - Axis初始化失败，设置脉冲模式失败！
[2017-03-23 21:08:32 INFO ] [JavaFX Application Thread] (com.tswe.autotest.service.InitControlBoardService:27) - motion_set_pulse_outmode success

[2017-03-23 21:08:32 INFO ] [JavaFX Application Thread] (com.tswe.autotest.service.InitControlBoardService:702) - Axis初始化失败，设置脉冲模式失败！
[2017-03-23 21:08:32 INFO ] [JavaFX Application Thread] (com.tswe.autotest.service.InitControlBoardService:27) - motion_set_pulse_outmode success

[2017-03-23 21:08:32 INFO ] [JavaFX Application Thread] (com.tswe.autotest.service.InitControlBoardService:702) - Axis初始化失败，设置脉冲模式失败！
[2017-03-23 21:08:32 INFO ] [JavaFX Application Thread] (com.tswe.autotest.service.InitControlBoardService:27) - motion_set_pulse_outmode success

[2017-03-23 21:08:32 INFO ] [JavaFX Application Thread] (com.tswe.autotest.service.InitControlBoardService:702) - Axis初始化失败，设置脉冲模式失败！
[2017-03-23 21:08:32 INFO ] [JavaFX Application Thread] (com.tswe.autotest.service.InitControlBoardService:27) - motion_set_pulse_outmode success

[2017-03-23 21:08:32 INFO ] [JavaFX Application Thread] (com.tswe.autotest.service.InitControlBoardService:702) - Axis初始化失败，设置脉冲模式失败！
[2017-03-23 21:08:32 INFO ] [JavaFX Application Thread] (com.tswe.autotest.service.InitControlBoardService:27) - motion_set_pulse_outmode success

[2017-03-23 21:08:32 INFO ] [JavaFX Application Thread] (com.tswe.autotest.service.InitControlBoardService:702) - Axis初始化失败，设置脉冲模式失败！
[2017-03-23 21:08:32 INFO ] [JavaFX Application Thread] (com.tswe.autotest.service.InitControlBoardService:27) - motion_set_pulse_outmode success

[2017-03-23 21:08:32 INFO ] [JavaFX Application Thread] (com.tswe.autotest.service.InitControlBoardService:702) - Axis初始化失败，设置脉冲模式失败！
[2017-03-23 21:08:32 INFO ] [JavaFX Application Thread] (com.tswe.autotest.service.InitControlBoardService:27) - motion_set_pulse_outmode success

[2017-03-23 21:08:32 INFO ] [JavaFX Application Thread] (com.tswe.autotest.service.InitControlBoardService:702) - Axis初始化失败，设置脉冲模式失败！
[2017-03-23 21:08:32 INFO ] [JavaFX Application Thread] (com.tswe.autotest.service.InitControlBoardService:33) - connectType：Serial Port, controlBoardNum:1,info:connectsuccess
[2017-03-23 21:08:32 INFO ] [JavaFX Application Thread] (com.tswe.autotest.service.InitControlBoardService:27) - motion_config_EL_MODE success

[2017-03-23 21:08:32 INFO ] [JavaFX Application Thread] (com.tswe.autotest.service.InitControlBoardService:27) - motion_config_EL_MODE success

[2017-03-23 21:08:32 INFO ] [JavaFX Application Thread] (com.tswe.autotest.service.InitControlBoardService:27) - motion_config_EL_MODE success

[2017-03-23 21:08:32 INFO ] [JavaFX Application Thread] (com.tswe.autotest.service.InitControlBoardService:27) - motion_config_EL_MODE success

[2017-03-23 21:08:36 INFO ] [Thread-5] (com.tswe.autotest.service.InitControlBoardService:27) - motion_set_profile success

[2017-03-23 21:08:36 INFO ] [Thread-5] (com.tswe.autotest.service.InitControlBoardService:27) - motion_set_profile success

[2017-03-23 21:08:36 INFO ] [Thread-5] (com.tswe.autotest.service.InitControlBoardService:27) - motion_set_HOME_pin_logic success

[2017-03-23 21:08:36 INFO ] [Thread-5] (com.tswe.autotest.service.InitControlBoardService:27) - motion_config_home_mode success

[2017-03-23 21:08:36 INFO ] [Thread-5] (com.tswe.autotest.service.InitControlBoardService:27) - motion_home_move success

[2017-03-23 21:08:36 INFO ] [Thread-5] (com.tswe.autotest.service.InitControlBoardService:27) - motion_set_profile success

[2017-03-23 21:08:36 INFO ] [Thread-5] (com.tswe.autotest.service.InitControlBoardService:27) - motion_set_profile success

[2017-03-23 21:08:36 INFO ] [Thread-5] (com.tswe.autotest.service.InitControlBoardService:27) - motion_set_HOME_pin_logic success

[2017-03-23 21:08:36 INFO ] [Thread-5] (com.tswe.autotest.service.InitControlBoardService:27) - motion_config_home_mode success

[2017-03-23 21:08:36 INFO ] [Thread-5] (com.tswe.autotest.service.InitControlBoardService:27) - motion_home_move success

[2017-03-23 21:09:09 INFO ] [Thread-5] (com.tswe.autotest.service.InitControlBoardService:27) - motion_t_vmove success

[2017-03-23 21:09:09 INFO ] [Thread-5] (com.tswe.autotest.service.InitControlBoardService:27) - motion_set_profile success

[2017-03-23 21:09:09 INFO ] [Thread-5] (com.tswe.autotest.service.InitControlBoardService:27) - motion_set_profile success

[2017-03-23 21:09:09 INFO ] [Thread-5] (com.tswe.autotest.service.InitControlBoardService:27) - motion_set_HOME_pin_logic success

[2017-03-23 21:09:09 INFO ] [Thread-5] (com.tswe.autotest.service.InitControlBoardService:27) - motion_config_home_mode success

[2017-03-23 21:09:09 INFO ] [Thread-5] (com.tswe.autotest.service.InitControlBoardService:27) - motion_home_move success

[2017-03-23 21:09:27 INFO ] [Thread-5] (com.tswe.autotest.service.InitControlBoardService:27) - motion_t_vmove success

[2017-03-23 21:09:27 INFO ] [Thread-5] (com.tswe.autotest.service.InitControlBoardService:27) - motion_set_profile success

[2017-03-23 21:09:27 INFO ] [Thread-5] (com.tswe.autotest.service.InitControlBoardService:27) - motion_set_profile success

[2017-03-23 21:09:27 INFO ] [Thread-5] (com.tswe.autotest.service.InitControlBoardService:27) - motion_set_HOME_pin_logic success

[2017-03-23 21:09:27 INFO ] [Thread-5] (com.tswe.autotest.service.InitControlBoardService:27) - motion_config_home_mode success

[2017-03-23 21:09:27 INFO ] [Thread-5] (com.tswe.autotest.service.InitControlBoardService:27) - motion_home_move success

[2017-03-23 21:09:51 INFO ] [Thread-5] (com.tswe.autotest.service.InitControlBoardService:27) - motion_t_vmove success

